<?xml version="1.0" encoding="UTF-8"?>
<!-- Generated by org.testng.reporters.JUnitReportReporter -->
<testsuite hostname="EGCA1-0091" failures="0" tests="1" name="test_cases.TestBase" time="9.180" errors="0" timestamp="2022-09-09T22:13:44 EET" skipped="0">
  <testcase classname="test_cases.TestBase" name="startApplication" time="9.180"/>
  <system-out/>
</testsuite> <!-- test_cases.TestBase -->
